Arguments: 
  /home/efren/.nvm/versions/node/v16.9.1/bin/node /home/efren/.node/corepack/yarn/1.22.15/bin/yarn.js add --dev webpack-dev-server@^3

PATH: 
  /home/efren/.rbenv/versions/2.5.1/lib/ruby/gems/2.5.0/bin:/home/efren/.rbenv/versions/2.5.1/bin:/usr/lib/rbenv/libexec:/home/efren/.rbenv/plugins/ruby-build/bin:/home/efren/.rbenv/shims:/home/efren/.rbenv/bin:/home/efren/.vscode-server/bin/8dfae7a5cd50421d10cd99cb873990460525a898/bin/remote-cli:/home/efren/.nvm/versions/node/v16.9.1/bin:/usr/local/sbin:/usr/local/bin:/usr/sbin:/usr/bin:/sbin:/bin:/usr/games:/usr/local/games:/mnt/c/Program Files (x86)/Razer Chroma SDK/bin:/mnt/c/Program Files/Razer Chroma SDK/bin:/mnt/c/Program Files (x86)/Razer/ChromaBroadcast/bin:/mnt/c/Program Files/Razer/ChromaBroadcast/bin:/mnt/c/Windows/system32:/mnt/c/Windows:/mnt/c/Windows/System32/Wbem:/mnt/c/Windows/System32/WindowsPowerShell/v1.0/:/mnt/c/Windows/System32/OpenSSH/:/mnt/c/Users/Administrator/AppData/Local/Microsoft/WindowsApps:/mnt/c/WINDOWS/system32:/mnt/c/WINDOWS:/mnt/c/WINDOWS/System32/Wbem:/mnt/c/WINDOWS/System32/WindowsPowerShell/v1.0/:/mnt/c/WINDOWS/System32/OpenSSH/:/mnt/c/WINDOWS/system32/config/systemprofile/AppData/Local/Microsoft/WindowsApps:/mnt/c/Program Files (x86)/Brackets/command:/mnt/c/Program Files/nodejs/:/mnt/c/Users/efren/AppData/Local/Microsoft/WindowsApps:/mnt/c/Users/efren/AppData/Local/Programs/Microsoft VS Code/bin:/mnt/c/Users/efren/AppData/Local/GitHubDesktop/bin:/mnt/c/Users/efren/AppData/Roaming/npm:/mnt/c/Program Files/heroku/bin:/snap/bin:/home/efren/.dotnet/tools

Yarn version: 
  1.22.15

Node version: 
  16.9.1

Platform: 
  linux x64

Trace: 
  Error: getaddrinfo EAI_AGAIN registry.yarnpkg.com
      at GetAddrInfoReqWrap.onlookup [as oncomplete] (node:dns:71:26)

npm manifest: 
  {
    "name": "instagram-clone",
    "private": true,
    "dependencies": {
      "@rails/ujs": "^6.0.0",
      "turbolinks": "^5.2.0",
      "@rails/activestorage": "^6.0.0",
      "@rails/actioncable": "^6.0.0"
    },
    "version": "0.1.0"
  }

yarn manifest: 
  No manifest

Lockfile: 
  No lockfile
